<!DOCTYPE html PUBLIC "-//W3C//DTD XHTML 1.1//EN" "http://www.w3.org/TR/xhtml11/DTD/xhtml11.dtd">
<html xmlns="http://www.w3.org/1999/xhtml"><head><title>TestNG Report</title><style type="text/css">table {margin-bottom:10px;border-collapse:collapse;empty-cells:show}th,td {border:1px solid #009;padding:.25em .5em}th {vertical-align:bottom}td {vertical-align:top}table a {font-weight:bold}.stripe td {background-color: #E6EBF9}.num {text-align:right}.passedodd td {background-color: #3F3}.passedeven td {background-color: #0A0}.skippedodd td {background-color: #DDD}.skippedeven td {background-color: #CCC}.failedodd td,.attn {background-color: #F33}.failedeven td,.stripe .attn {background-color: #D00}.stacktrace {white-space:pre;font-family:monospace}.totop {font-size:85%;text-align:center;border-bottom:2px solid #000}</style></head><body><table><tr><th>Test</th><th># Passed</th><th># Skipped</th><th># Failed</th><th>Time (ms)</th><th>Included Groups</th><th>Excluded Groups</th></tr><tr><th colspan="7">Smoke Suite</th></tr><tr><td><a href="#t0">LoginTests</a></td><td class="num">1</td><td class="num">0</td><td class="num">0</td><td class="num">9,421</td><td></td><td></td></tr><tr class="stripe"><td><a href="#t1">Functional Tests</a></td><td class="num">0</td><td class="num">0</td><td class="num attn">3</td><td class="num">14,597</td><td></td><td></td></tr><tr><th>Total</th><th class="num">1</th><th class="num">0</th><th class="num attn">3</th><th class="num">24,018</th><th colspan="2"></th></tr></table><table><thead><tr><th>Class</th><th>Method</th><th>Start</th><th>Time (ms)</th></tr></thead><tbody><tr><th colspan="4">Smoke Suite</th></tr></tbody><tbody id="t0"><tr><th colspan="4">LoginTests &#8212; passed</th></tr><tr class="passedeven"><td rowspan="1">runThrghTestNG.LoginPage</td><td><a href="#m0">verifyTitle</a></td><td rowspan="1">1473852054544</td><td rowspan="1">248</td></tr></tbody><tbody id="t1"><tr><th colspan="4">Functional Tests &#8212; failed</th></tr><tr class="failedeven"><td rowspan="3">runThrghTestNG.FunctionalTests</td><td><a href="#m1">Loginfail</a></td><td rowspan="3">1473852063873</td><td rowspan="3">1063</td></tr><tr class="failedeven"><td><a href="#m2">Loginfail</a></td></tr><tr class="failedeven"><td><a href="#m3">Loginfail</a></td></tr></tbody></table><h2>LoginTests</h2><h3 id="m0">runThrghTestNG.LoginPage#verifyTitle</h3><table class="result"></table><p class="totop"><a href="#summary">back to summary</a></p><h2>Functional Tests</h2><h3 id="m1">runThrghTestNG.FunctionalTests#Loginfail</h3><table class="result"><tr><th>Messages</th></tr><tr><td><div class="messages">Loginfail failed; Click on image to enlarge&lt;br/&gt;&lt;a target=&quot;_blank&quot; href=&quot;C:\Users\gahlaut\Desktop\Work\VikasTestproject\reports\screenshots\Loginfail_14Sep16__0451PM.png&quot;&gt;&lt;img src=&quot;file:///C:\Users\gahlaut\Desktop\Work\VikasTestproject\reports\screenshots\Loginfail_14Sep16__0451PM.png&quot; alt=&quot;&quot;height=&apos;100&apos; width=&apos;100&apos;/&gt;&lt;/a&gt;&lt;br /&gt;</div></td></tr><tr><th>Exception</th></tr><tr><td><div class="stacktrace">org.openqa.selenium.NoSuchElementException: no such element
  (Session info: chrome=52.0.2743.116)
  (Driver info: chromedriver=2.9.248315,platform=Windows NT 6.3 x86_64) (WARNING: The server did not provide any stacktrace information)
Command duration or timeout: 129 milliseconds
For documentation on this error, please visit: http://seleniumhq.org/exceptions/no_such_element.html
Build info: version: &apos;2.37.0&apos;, revision: &apos;a7c61cb&apos;, time: &apos;2013-10-18 17:15:02&apos;
System info: host: &apos;gahlaut-WX-1&apos;, ip: &apos;10.41.120.153&apos;, os.name: &apos;Windows 10&apos;, os.arch: &apos;amd64&apos;, os.version: &apos;10.0&apos;, java.version: &apos;1.8.0_65&apos;
Driver info: org.openqa.selenium.chrome.ChromeDriver
Capabilities [{applicationCacheEnabled=false, rotatable=false, chrome={userDataDir=C:\Users\gahlaut\AppData\Local\Temp\scoped_dir7196_17945}, takesHeapSnapshot=true, databaseEnabled=false, handlesAlerts=true, version=52.0.2743.116, platform=XP, browserConnectionEnabled=false, nativeEvents=true, acceptSslCerts=true, locationContextEnabled=true, webStorageEnabled=true, browserName=chrome, takesScreenshot=true, javascriptEnabled=true, cssSelectorsEnabled=true}]
Session ID: eb44deaa49ab48b8471955a4609fbccb
	at org.openqa.selenium.remote.ErrorHandler.createThrowable(ErrorHandler.java:193)
	at org.openqa.selenium.remote.ErrorHandler.throwIfResponseFailed(ErrorHandler.java:145)
	at org.openqa.selenium.remote.RemoteWebDriver.execute(RemoteWebDriver.java:554)
	at org.openqa.selenium.remote.RemoteWebDriver.findElement(RemoteWebDriver.java:307)
	at org.openqa.selenium.remote.RemoteWebDriver.findElementById(RemoteWebDriver.java:348)
	at org.openqa.selenium.By$ById.findElement(By.java:220)
	at org.openqa.selenium.remote.RemoteWebDriver.findElement(RemoteWebDriver.java:299)
	at Actions.Login_logout.wrong_login(Login_logout.java:22)
	at runThrghTestNG.FunctionalTests.Loginfail(FunctionalTests.java:30)
... Removed 27 stack frames</div></td></tr></table><p class="totop"><a href="#summary">back to summary</a></p><h3 id="m2">runThrghTestNG.FunctionalTests#Loginfail</h3><table class="result"><tr><th>Messages</th></tr><tr><td><div class="messages">Loginfail failed; Click on image to enlarge&lt;br/&gt;&lt;a target=&quot;_blank&quot; href=&quot;C:\Users\gahlaut\Desktop\Work\VikasTestproject\reports\screenshots\Loginfail_14Sep16__0451PM.png&quot;&gt;&lt;img src=&quot;file:///C:\Users\gahlaut\Desktop\Work\VikasTestproject\reports\screenshots\Loginfail_14Sep16__0451PM.png&quot; alt=&quot;&quot;height=&apos;100&apos; width=&apos;100&apos;/&gt;&lt;/a&gt;&lt;br /&gt;</div></td></tr><tr><th>Exception</th></tr><tr><td><div class="stacktrace">org.openqa.selenium.NoSuchElementException: no such element
  (Session info: chrome=52.0.2743.116)
  (Driver info: chromedriver=2.9.248315,platform=Windows NT 6.3 x86_64) (WARNING: The server did not provide any stacktrace information)
Command duration or timeout: 140 milliseconds
For documentation on this error, please visit: http://seleniumhq.org/exceptions/no_such_element.html
Build info: version: &apos;2.37.0&apos;, revision: &apos;a7c61cb&apos;, time: &apos;2013-10-18 17:15:02&apos;
System info: host: &apos;gahlaut-WX-1&apos;, ip: &apos;10.41.120.153&apos;, os.name: &apos;Windows 10&apos;, os.arch: &apos;amd64&apos;, os.version: &apos;10.0&apos;, java.version: &apos;1.8.0_65&apos;
Driver info: org.openqa.selenium.chrome.ChromeDriver
Capabilities [{applicationCacheEnabled=false, rotatable=false, chrome={userDataDir=C:\Users\gahlaut\AppData\Local\Temp\scoped_dir7196_17945}, takesHeapSnapshot=true, databaseEnabled=false, handlesAlerts=true, version=52.0.2743.116, platform=XP, browserConnectionEnabled=false, nativeEvents=true, acceptSslCerts=true, locationContextEnabled=true, webStorageEnabled=true, browserName=chrome, takesScreenshot=true, javascriptEnabled=true, cssSelectorsEnabled=true}]
Session ID: eb44deaa49ab48b8471955a4609fbccb
	at org.openqa.selenium.remote.ErrorHandler.createThrowable(ErrorHandler.java:193)
	at org.openqa.selenium.remote.ErrorHandler.throwIfResponseFailed(ErrorHandler.java:145)
	at org.openqa.selenium.remote.RemoteWebDriver.execute(RemoteWebDriver.java:554)
	at org.openqa.selenium.remote.RemoteWebDriver.findElement(RemoteWebDriver.java:307)
	at org.openqa.selenium.remote.RemoteWebDriver.findElementById(RemoteWebDriver.java:348)
	at org.openqa.selenium.By$ById.findElement(By.java:220)
	at org.openqa.selenium.remote.RemoteWebDriver.findElement(RemoteWebDriver.java:299)
	at Actions.Login_logout.wrong_login(Login_logout.java:22)
	at runThrghTestNG.FunctionalTests.Loginfail(FunctionalTests.java:30)
... Removed 27 stack frames</div></td></tr></table><p class="totop"><a href="#summary">back to summary</a></p><h3 id="m3">runThrghTestNG.FunctionalTests#Loginfail</h3><table class="result"><tr><th>Messages</th></tr><tr><td><div class="messages">Loginfail failed; Click on image to enlarge&lt;br/&gt;&lt;a target=&quot;_blank&quot; href=&quot;C:\Users\gahlaut\Desktop\Work\VikasTestproject\reports\screenshots\Loginfail_14Sep16__0451PM.png&quot;&gt;&lt;img src=&quot;file:///C:\Users\gahlaut\Desktop\Work\VikasTestproject\reports\screenshots\Loginfail_14Sep16__0451PM.png&quot; alt=&quot;&quot;height=&apos;100&apos; width=&apos;100&apos;/&gt;&lt;/a&gt;&lt;br /&gt;</div></td></tr><tr><th>Exception</th></tr><tr><td><div class="stacktrace">org.openqa.selenium.NoSuchElementException: no such element
  (Session info: chrome=52.0.2743.116)
  (Driver info: chromedriver=2.9.248315,platform=Windows NT 6.3 x86_64) (WARNING: The server did not provide any stacktrace information)
Command duration or timeout: 48 milliseconds
For documentation on this error, please visit: http://seleniumhq.org/exceptions/no_such_element.html
Build info: version: &apos;2.37.0&apos;, revision: &apos;a7c61cb&apos;, time: &apos;2013-10-18 17:15:02&apos;
System info: host: &apos;gahlaut-WX-1&apos;, ip: &apos;10.41.120.153&apos;, os.name: &apos;Windows 10&apos;, os.arch: &apos;amd64&apos;, os.version: &apos;10.0&apos;, java.version: &apos;1.8.0_65&apos;
Driver info: org.openqa.selenium.chrome.ChromeDriver
Capabilities [{applicationCacheEnabled=false, rotatable=false, chrome={userDataDir=C:\Users\gahlaut\AppData\Local\Temp\scoped_dir7196_17945}, takesHeapSnapshot=true, databaseEnabled=false, handlesAlerts=true, version=52.0.2743.116, platform=XP, browserConnectionEnabled=false, nativeEvents=true, acceptSslCerts=true, locationContextEnabled=true, webStorageEnabled=true, browserName=chrome, takesScreenshot=true, javascriptEnabled=true, cssSelectorsEnabled=true}]
Session ID: eb44deaa49ab48b8471955a4609fbccb
	at org.openqa.selenium.remote.ErrorHandler.createThrowable(ErrorHandler.java:193)
	at org.openqa.selenium.remote.ErrorHandler.throwIfResponseFailed(ErrorHandler.java:145)
	at org.openqa.selenium.remote.RemoteWebDriver.execute(RemoteWebDriver.java:554)
	at org.openqa.selenium.remote.RemoteWebDriver.findElement(RemoteWebDriver.java:307)
	at org.openqa.selenium.remote.RemoteWebDriver.findElementById(RemoteWebDriver.java:348)
	at org.openqa.selenium.By$ById.findElement(By.java:220)
	at org.openqa.selenium.remote.RemoteWebDriver.findElement(RemoteWebDriver.java:299)
	at Actions.Login_logout.wrong_login(Login_logout.java:21)
	at runThrghTestNG.FunctionalTests.Loginfail(FunctionalTests.java:30)
... Removed 27 stack frames</div></td></tr></table><p class="totop"><a href="#summary">back to summary</a></p></body></html>