<?xml version="1.0" encoding="UTF-8"?>
<testng-results skipped="0" failed="3" total="4" passed="1">
  <reporter-output>
    <line>
      <![CDATA[Browser: chrome]]>
    </line>
    <line>
      <![CDATA[OS: win]]>
    </line>
    <line>
      <![CDATA[Browser: chrome]]>
    </line>
    <line>
      <![CDATA[OS: win]]>
    </line>
    <line>
      <![CDATA[Loginfail failed; Click on image to enlarge<br/><a target="_blank" href="C:\Users\gahlaut\Desktop\Work\VikasTestproject\reports\screenshots\Loginfail_14Sep16__0451PM.png"><img src="file:///C:\Users\gahlaut\Desktop\Work\VikasTestproject\reports\screenshots\Loginfail_14Sep16__0451PM.png" alt=""height='100' width='100'/></a><br />]]>
    </line>
    <line>
      <![CDATA[Loginfail failed; Click on image to enlarge<br/><a target="_blank" href="C:\Users\gahlaut\Desktop\Work\VikasTestproject\reports\screenshots\Loginfail_14Sep16__0451PM.png"><img src="file:///C:\Users\gahlaut\Desktop\Work\VikasTestproject\reports\screenshots\Loginfail_14Sep16__0451PM.png" alt=""height='100' width='100'/></a><br />]]>
    </line>
    <line>
      <![CDATA[Loginfail failed; Click on image to enlarge<br/><a target="_blank" href="C:\Users\gahlaut\Desktop\Work\VikasTestproject\reports\screenshots\Loginfail_14Sep16__0451PM.png"><img src="file:///C:\Users\gahlaut\Desktop\Work\VikasTestproject\reports\screenshots\Loginfail_14Sep16__0451PM.png" alt=""height='100' width='100'/></a><br />]]>
    </line>
  </reporter-output>
  <suite name="Smoke Suite" duration-ms="24071" started-at="2016-09-14T11:20:46Z" finished-at="2016-09-14T11:21:10Z">
    <groups>
    </groups>
    <test name="LoginTests" duration-ms="9421" started-at="2016-09-14T11:20:46Z" finished-at="2016-09-14T11:20:56Z">
      <class name="runThrghTestNG.LoginPage">
        <test-method status="PASS" signature="initConfigurations()[pri:0, instance:runThrghTestNG.LoginPage@7a79be86]" name="initConfigurations" is-config="true" duration-ms="11" started-at="2016-09-14T16:50:46Z" finished-at="2016-09-14T16:50:46Z">
          <reporter-output>
          </reporter-output>
        </test-method> <!-- initConfigurations -->
        <test-method status="PASS" signature="initObjects()[pri:0, instance:runThrghTestNG.LoginPage@7a79be86]" name="initObjects" is-config="true" duration-ms="1" started-at="2016-09-14T16:50:46Z" finished-at="2016-09-14T16:50:46Z">
          <reporter-output>
          </reporter-output>
        </test-method> <!-- initObjects -->
        <test-method status="PASS" signature="initCredentials()[pri:0, instance:runThrghTestNG.LoginPage@7a79be86]" name="initCredentials" is-config="true" duration-ms="0" started-at="2016-09-14T16:50:46Z" finished-at="2016-09-14T16:50:46Z">
          <reporter-output>
          </reporter-output>
        </test-method> <!-- initCredentials -->
        <test-method status="PASS" signature="setUp(java.lang.String, java.lang.String, java.lang.String, java.lang.String, java.lang.String)[pri:0, instance:runThrghTestNG.LoginPage@7a79be86]" name="setUp" is-config="true" duration-ms="7612" started-at="2016-09-14T16:50:46Z" finished-at="2016-09-14T16:50:54Z">
          <params>
            <param index="0">
              <value>
                <![CDATA[https://dropbox.com]]>
              </value>
            </param>
            <param index="1">
              <value>
                <![CDATA[${environment}]]>
              </value>
            </param>
            <param index="2">
              <value>
                <![CDATA[chrome]]>
              </value>
            </param>
            <param index="3">
              <value>
                <![CDATA[win]]>
              </value>
            </param>
            <param index="4">
              <value>
                <![CDATA[SmokeTests]]>
              </value>
            </param>
          </params>
          <reporter-output>
            <line>
              <![CDATA[Browser: chrome]]>
            </line>
            <line>
              <![CDATA[OS: win]]>
            </line>
          </reporter-output>
        </test-method> <!-- setUp -->
        <test-method status="PASS" signature="verifyTitle()[pri:0, instance:runThrghTestNG.LoginPage@7a79be86]" name="verifyTitle" duration-ms="248" started-at="2016-09-14T16:50:54Z" description="Test for verifying page title." finished-at="2016-09-14T16:50:54Z">
          <reporter-output>
          </reporter-output>
        </test-method> <!-- verifyTitle -->
        <test-method status="PASS" signature="tearDown()[pri:0, instance:runThrghTestNG.LoginPage@7a79be86]" name="tearDown" is-config="true" duration-ms="1534" started-at="2016-09-14T16:50:54Z" finished-at="2016-09-14T16:50:56Z">
          <reporter-output>
          </reporter-output>
        </test-method> <!-- tearDown -->
      </class> <!-- runThrghTestNG.LoginPage -->
    </test> <!-- LoginTests -->
    <test name="Functional Tests" duration-ms="14597" started-at="2016-09-14T11:20:56Z" finished-at="2016-09-14T11:21:10Z">
      <class name="runThrghTestNG.FunctionalTests">
        <test-method status="PASS" signature="initConfigurations()[pri:0, instance:runThrghTestNG.FunctionalTests@3cda1055]" name="initConfigurations" is-config="true" duration-ms="0" started-at="2016-09-14T16:50:56Z" finished-at="2016-09-14T16:50:56Z">
          <reporter-output>
          </reporter-output>
        </test-method> <!-- initConfigurations -->
        <test-method status="PASS" signature="initCredentials()[pri:0, instance:runThrghTestNG.FunctionalTests@3cda1055]" name="initCredentials" is-config="true" duration-ms="1" started-at="2016-09-14T16:50:56Z" finished-at="2016-09-14T16:50:56Z">
          <reporter-output>
          </reporter-output>
        </test-method> <!-- initCredentials -->
        <test-method status="PASS" signature="initObjects()[pri:0, instance:runThrghTestNG.FunctionalTests@3cda1055]" name="initObjects" is-config="true" duration-ms="0" started-at="2016-09-14T16:50:56Z" finished-at="2016-09-14T16:50:56Z">
          <reporter-output>
          </reporter-output>
        </test-method> <!-- initObjects -->
        <test-method status="PASS" signature="setUp(java.lang.String, java.lang.String, java.lang.String, java.lang.String, java.lang.String)[pri:0, instance:runThrghTestNG.FunctionalTests@3cda1055]" name="setUp" is-config="true" duration-ms="7491" started-at="2016-09-14T16:50:56Z" finished-at="2016-09-14T16:51:03Z">
          <params>
            <param index="0">
              <value>
                <![CDATA[https://dropbox.com]]>
              </value>
            </param>
            <param index="1">
              <value>
                <![CDATA[${environment}]]>
              </value>
            </param>
            <param index="2">
              <value>
                <![CDATA[chrome]]>
              </value>
            </param>
            <param index="3">
              <value>
                <![CDATA[win]]>
              </value>
            </param>
            <param index="4">
              <value>
                <![CDATA[SmokeTests]]>
              </value>
            </param>
          </params>
          <reporter-output>
            <line>
              <![CDATA[Browser: chrome]]>
            </line>
            <line>
              <![CDATA[OS: win]]>
            </line>
          </reporter-output>
        </test-method> <!-- setUp -->
        <test-method status="FAIL" signature="Loginfail()[pri:0, instance:runThrghTestNG.FunctionalTests@3cda1055]" name="Loginfail" duration-ms="1063" started-at="2016-09-14T16:51:03Z" description="Test for verifying page title." finished-at="2016-09-14T16:51:04Z">
          <exception class="org.openqa.selenium.NoSuchElementException">
            <message>
              <![CDATA[no such element
  (Session info: chrome=52.0.2743.116)
  (Driver info: chromedriver=2.9.248315,platform=Windows NT 6.3 x86_64) (WARNING: The server did not provide any stacktrace information)
Command duration or timeout: 129 milliseconds
For documentation on this error, please visit: http://seleniumhq.org/exceptions/no_such_element.html
Build info: version: '2.37.0', revision: 'a7c61cb', time: '2013-10-18 17:15:02'
System info: host: 'gahlaut-WX-1', ip: '10.41.120.153', os.name: 'Windows 10', os.arch: 'amd64', os.version: '10.0', java.version: '1.8.0_65'
Driver info: org.openqa.selenium.chrome.ChromeDriver
Capabilities [{applicationCacheEnabled=false, rotatable=false, chrome={userDataDir=C:\Users\gahlaut\AppData\Local\Temp\scoped_dir7196_17945}, takesHeapSnapshot=true, databaseEnabled=false, handlesAlerts=true, version=52.0.2743.116, platform=XP, browserConnectionEnabled=false, nativeEvents=true, acceptSslCerts=true, locationContextEnabled=true, webStorageEnabled=true, browserName=chrome, takesScreenshot=true, javascriptEnabled=true, cssSelectorsEnabled=true}]
Session ID: eb44deaa49ab48b8471955a4609fbccb]]>
            </message>
            <full-stacktrace>
              <![CDATA[org.openqa.selenium.NoSuchElementException: no such element
  (Session info: chrome=52.0.2743.116)
  (Driver info: chromedriver=2.9.248315,platform=Windows NT 6.3 x86_64) (WARNING: The server did not provide any stacktrace information)
Command duration or timeout: 129 milliseconds
For documentation on this error, please visit: http://seleniumhq.org/exceptions/no_such_element.html
Build info: version: '2.37.0', revision: 'a7c61cb', time: '2013-10-18 17:15:02'
System info: host: 'gahlaut-WX-1', ip: '10.41.120.153', os.name: 'Windows 10', os.arch: 'amd64', os.version: '10.0', java.version: '1.8.0_65'
Driver info: org.openqa.selenium.chrome.ChromeDriver
Capabilities [{applicationCacheEnabled=false, rotatable=false, chrome={userDataDir=C:\Users\gahlaut\AppData\Local\Temp\scoped_dir7196_17945}, takesHeapSnapshot=true, databaseEnabled=false, handlesAlerts=true, version=52.0.2743.116, platform=XP, browserConnectionEnabled=false, nativeEvents=true, acceptSslCerts=true, locationContextEnabled=true, webStorageEnabled=true, browserName=chrome, takesScreenshot=true, javascriptEnabled=true, cssSelectorsEnabled=true}]
Session ID: eb44deaa49ab48b8471955a4609fbccb
	at sun.reflect.NativeConstructorAccessorImpl.newInstance0(Native Method)
	at sun.reflect.NativeConstructorAccessorImpl.newInstance(NativeConstructorAccessorImpl.java:62)
	at sun.reflect.DelegatingConstructorAccessorImpl.newInstance(DelegatingConstructorAccessorImpl.java:45)
	at java.lang.reflect.Constructor.newInstance(Constructor.java:422)
	at org.openqa.selenium.remote.ErrorHandler.createThrowable(ErrorHandler.java:193)
	at org.openqa.selenium.remote.ErrorHandler.throwIfResponseFailed(ErrorHandler.java:145)
	at org.openqa.selenium.remote.RemoteWebDriver.execute(RemoteWebDriver.java:554)
	at org.openqa.selenium.remote.RemoteWebDriver.findElement(RemoteWebDriver.java:307)
	at org.openqa.selenium.remote.RemoteWebDriver.findElementById(RemoteWebDriver.java:348)
	at org.openqa.selenium.By$ById.findElement(By.java:220)
	at org.openqa.selenium.remote.RemoteWebDriver.findElement(RemoteWebDriver.java:299)
	at Actions.Login_logout.wrong_login(Login_logout.java:22)
	at runThrghTestNG.FunctionalTests.Loginfail(FunctionalTests.java:30)
	at sun.reflect.NativeMethodAccessorImpl.invoke0(Native Method)
	at sun.reflect.NativeMethodAccessorImpl.invoke(NativeMethodAccessorImpl.java:62)
	at sun.reflect.DelegatingMethodAccessorImpl.invoke(DelegatingMethodAccessorImpl.java:43)
	at java.lang.reflect.Method.invoke(Method.java:497)
	at org.testng.internal.MethodInvocationHelper.invokeMethod(MethodInvocationHelper.java:84)
	at org.testng.internal.Invoker.invokeMethod(Invoker.java:714)
	at org.testng.internal.Invoker.invokeTestMethod(Invoker.java:901)
	at org.testng.internal.Invoker.invokeTestMethods(Invoker.java:1231)
	at org.testng.internal.TestMethodWorker.invokeTestMethods(TestMethodWorker.java:127)
	at org.testng.internal.TestMethodWorker.run(TestMethodWorker.java:111)
	at org.testng.TestRunner.privateRun(TestRunner.java:767)
	at org.testng.TestRunner.run(TestRunner.java:617)
	at org.testng.SuiteRunner.runTest(SuiteRunner.java:334)
	at org.testng.SuiteRunner.runSequentially(SuiteRunner.java:329)
	at org.testng.SuiteRunner.privateRun(SuiteRunner.java:291)
	at org.testng.SuiteRunner.run(SuiteRunner.java:240)
	at org.testng.SuiteRunnerWorker.runSuite(SuiteRunnerWorker.java:52)
	at org.testng.SuiteRunnerWorker.run(SuiteRunnerWorker.java:86)
	at org.testng.TestNG.runSuitesSequentially(TestNG.java:1224)
	at org.testng.TestNG.runSuitesLocally(TestNG.java:1149)
	at org.testng.TestNG.run(TestNG.java:1057)
	at org.testng.TestNG.privateMain(TestNG.java:1364)
	at org.testng.TestNG.main(TestNG.java:1333)
]]>
            </full-stacktrace>
          </exception> <!-- org.openqa.selenium.NoSuchElementException -->
          <reporter-output>
            <line>
              <![CDATA[Loginfail failed; Click on image to enlarge<br/><a target="_blank" href="C:\Users\gahlaut\Desktop\Work\VikasTestproject\reports\screenshots\Loginfail_14Sep16__0451PM.png"><img src="file:///C:\Users\gahlaut\Desktop\Work\VikasTestproject\reports\screenshots\Loginfail_14Sep16__0451PM.png" alt=""height='100' width='100'/></a><br />]]>
            </line>
          </reporter-output>
        </test-method> <!-- Loginfail -->
        <test-method status="FAIL" signature="Loginfail()[pri:0, instance:runThrghTestNG.FunctionalTests@3cda1055]" name="Loginfail" duration-ms="1468" started-at="2016-09-14T16:51:05Z" description="Test for verifying page title." finished-at="2016-09-14T16:51:07Z">
          <exception class="org.openqa.selenium.NoSuchElementException">
            <message>
              <![CDATA[no such element
  (Session info: chrome=52.0.2743.116)
  (Driver info: chromedriver=2.9.248315,platform=Windows NT 6.3 x86_64) (WARNING: The server did not provide any stacktrace information)
Command duration or timeout: 140 milliseconds
For documentation on this error, please visit: http://seleniumhq.org/exceptions/no_such_element.html
Build info: version: '2.37.0', revision: 'a7c61cb', time: '2013-10-18 17:15:02'
System info: host: 'gahlaut-WX-1', ip: '10.41.120.153', os.name: 'Windows 10', os.arch: 'amd64', os.version: '10.0', java.version: '1.8.0_65'
Driver info: org.openqa.selenium.chrome.ChromeDriver
Capabilities [{applicationCacheEnabled=false, rotatable=false, chrome={userDataDir=C:\Users\gahlaut\AppData\Local\Temp\scoped_dir7196_17945}, takesHeapSnapshot=true, databaseEnabled=false, handlesAlerts=true, version=52.0.2743.116, platform=XP, browserConnectionEnabled=false, nativeEvents=true, acceptSslCerts=true, locationContextEnabled=true, webStorageEnabled=true, browserName=chrome, takesScreenshot=true, javascriptEnabled=true, cssSelectorsEnabled=true}]
Session ID: eb44deaa49ab48b8471955a4609fbccb]]>
            </message>
            <full-stacktrace>
              <![CDATA[org.openqa.selenium.NoSuchElementException: no such element
  (Session info: chrome=52.0.2743.116)
  (Driver info: chromedriver=2.9.248315,platform=Windows NT 6.3 x86_64) (WARNING: The server did not provide any stacktrace information)
Command duration or timeout: 140 milliseconds
For documentation on this error, please visit: http://seleniumhq.org/exceptions/no_such_element.html
Build info: version: '2.37.0', revision: 'a7c61cb', time: '2013-10-18 17:15:02'
System info: host: 'gahlaut-WX-1', ip: '10.41.120.153', os.name: 'Windows 10', os.arch: 'amd64', os.version: '10.0', java.version: '1.8.0_65'
Driver info: org.openqa.selenium.chrome.ChromeDriver
Capabilities [{applicationCacheEnabled=false, rotatable=false, chrome={userDataDir=C:\Users\gahlaut\AppData\Local\Temp\scoped_dir7196_17945}, takesHeapSnapshot=true, databaseEnabled=false, handlesAlerts=true, version=52.0.2743.116, platform=XP, browserConnectionEnabled=false, nativeEvents=true, acceptSslCerts=true, locationContextEnabled=true, webStorageEnabled=true, browserName=chrome, takesScreenshot=true, javascriptEnabled=true, cssSelectorsEnabled=true}]
Session ID: eb44deaa49ab48b8471955a4609fbccb
	at sun.reflect.NativeConstructorAccessorImpl.newInstance0(Native Method)
	at sun.reflect.NativeConstructorAccessorImpl.newInstance(NativeConstructorAccessorImpl.java:62)
	at sun.reflect.DelegatingConstructorAccessorImpl.newInstance(DelegatingConstructorAccessorImpl.java:45)
	at java.lang.reflect.Constructor.newInstance(Constructor.java:422)
	at org.openqa.selenium.remote.ErrorHandler.createThrowable(ErrorHandler.java:193)
	at org.openqa.selenium.remote.ErrorHandler.throwIfResponseFailed(ErrorHandler.java:145)
	at org.openqa.selenium.remote.RemoteWebDriver.execute(RemoteWebDriver.java:554)
	at org.openqa.selenium.remote.RemoteWebDriver.findElement(RemoteWebDriver.java:307)
	at org.openqa.selenium.remote.RemoteWebDriver.findElementById(RemoteWebDriver.java:348)
	at org.openqa.selenium.By$ById.findElement(By.java:220)
	at org.openqa.selenium.remote.RemoteWebDriver.findElement(RemoteWebDriver.java:299)
	at Actions.Login_logout.wrong_login(Login_logout.java:22)
	at runThrghTestNG.FunctionalTests.Loginfail(FunctionalTests.java:30)
	at sun.reflect.NativeMethodAccessorImpl.invoke0(Native Method)
	at sun.reflect.NativeMethodAccessorImpl.invoke(NativeMethodAccessorImpl.java:62)
	at sun.reflect.DelegatingMethodAccessorImpl.invoke(DelegatingMethodAccessorImpl.java:43)
	at java.lang.reflect.Method.invoke(Method.java:497)
	at org.testng.internal.MethodInvocationHelper.invokeMethod(MethodInvocationHelper.java:84)
	at org.testng.internal.Invoker.invokeMethod(Invoker.java:714)
	at org.testng.internal.Invoker.retryFailed(Invoker.java:1049)
	at org.testng.internal.Invoker.invokeTestMethods(Invoker.java:1254)
	at org.testng.internal.TestMethodWorker.invokeTestMethods(TestMethodWorker.java:127)
	at org.testng.internal.TestMethodWorker.run(TestMethodWorker.java:111)
	at org.testng.TestRunner.privateRun(TestRunner.java:767)
	at org.testng.TestRunner.run(TestRunner.java:617)
	at org.testng.SuiteRunner.runTest(SuiteRunner.java:334)
	at org.testng.SuiteRunner.runSequentially(SuiteRunner.java:329)
	at org.testng.SuiteRunner.privateRun(SuiteRunner.java:291)
	at org.testng.SuiteRunner.run(SuiteRunner.java:240)
	at org.testng.SuiteRunnerWorker.runSuite(SuiteRunnerWorker.java:52)
	at org.testng.SuiteRunnerWorker.run(SuiteRunnerWorker.java:86)
	at org.testng.TestNG.runSuitesSequentially(TestNG.java:1224)
	at org.testng.TestNG.runSuitesLocally(TestNG.java:1149)
	at org.testng.TestNG.run(TestNG.java:1057)
	at org.testng.TestNG.privateMain(TestNG.java:1364)
	at org.testng.TestNG.main(TestNG.java:1333)
]]>
            </full-stacktrace>
          </exception> <!-- org.openqa.selenium.NoSuchElementException -->
          <reporter-output>
            <line>
              <![CDATA[Loginfail failed; Click on image to enlarge<br/><a target="_blank" href="C:\Users\gahlaut\Desktop\Work\VikasTestproject\reports\screenshots\Loginfail_14Sep16__0451PM.png"><img src="file:///C:\Users\gahlaut\Desktop\Work\VikasTestproject\reports\screenshots\Loginfail_14Sep16__0451PM.png" alt=""height='100' width='100'/></a><br />]]>
            </line>
          </reporter-output>
        </test-method> <!-- Loginfail -->
        <test-method status="FAIL" signature="Loginfail()[pri:0, instance:runThrghTestNG.FunctionalTests@3cda1055]" name="Loginfail" duration-ms="1316" started-at="2016-09-14T16:51:07Z" description="Test for verifying page title." finished-at="2016-09-14T16:51:08Z">
          <exception class="org.openqa.selenium.NoSuchElementException">
            <message>
              <![CDATA[no such element
  (Session info: chrome=52.0.2743.116)
  (Driver info: chromedriver=2.9.248315,platform=Windows NT 6.3 x86_64) (WARNING: The server did not provide any stacktrace information)
Command duration or timeout: 48 milliseconds
For documentation on this error, please visit: http://seleniumhq.org/exceptions/no_such_element.html
Build info: version: '2.37.0', revision: 'a7c61cb', time: '2013-10-18 17:15:02'
System info: host: 'gahlaut-WX-1', ip: '10.41.120.153', os.name: 'Windows 10', os.arch: 'amd64', os.version: '10.0', java.version: '1.8.0_65'
Driver info: org.openqa.selenium.chrome.ChromeDriver
Capabilities [{applicationCacheEnabled=false, rotatable=false, chrome={userDataDir=C:\Users\gahlaut\AppData\Local\Temp\scoped_dir7196_17945}, takesHeapSnapshot=true, databaseEnabled=false, handlesAlerts=true, version=52.0.2743.116, platform=XP, browserConnectionEnabled=false, nativeEvents=true, acceptSslCerts=true, locationContextEnabled=true, webStorageEnabled=true, browserName=chrome, takesScreenshot=true, javascriptEnabled=true, cssSelectorsEnabled=true}]
Session ID: eb44deaa49ab48b8471955a4609fbccb]]>
            </message>
            <full-stacktrace>
              <![CDATA[org.openqa.selenium.NoSuchElementException: no such element
  (Session info: chrome=52.0.2743.116)
  (Driver info: chromedriver=2.9.248315,platform=Windows NT 6.3 x86_64) (WARNING: The server did not provide any stacktrace information)
Command duration or timeout: 48 milliseconds
For documentation on this error, please visit: http://seleniumhq.org/exceptions/no_such_element.html
Build info: version: '2.37.0', revision: 'a7c61cb', time: '2013-10-18 17:15:02'
System info: host: 'gahlaut-WX-1', ip: '10.41.120.153', os.name: 'Windows 10', os.arch: 'amd64', os.version: '10.0', java.version: '1.8.0_65'
Driver info: org.openqa.selenium.chrome.ChromeDriver
Capabilities [{applicationCacheEnabled=false, rotatable=false, chrome={userDataDir=C:\Users\gahlaut\AppData\Local\Temp\scoped_dir7196_17945}, takesHeapSnapshot=true, databaseEnabled=false, handlesAlerts=true, version=52.0.2743.116, platform=XP, browserConnectionEnabled=false, nativeEvents=true, acceptSslCerts=true, locationContextEnabled=true, webStorageEnabled=true, browserName=chrome, takesScreenshot=true, javascriptEnabled=true, cssSelectorsEnabled=true}]
Session ID: eb44deaa49ab48b8471955a4609fbccb
	at sun.reflect.NativeConstructorAccessorImpl.newInstance0(Native Method)
	at sun.reflect.NativeConstructorAccessorImpl.newInstance(NativeConstructorAccessorImpl.java:62)
	at sun.reflect.DelegatingConstructorAccessorImpl.newInstance(DelegatingConstructorAccessorImpl.java:45)
	at java.lang.reflect.Constructor.newInstance(Constructor.java:422)
	at org.openqa.selenium.remote.ErrorHandler.createThrowable(ErrorHandler.java:193)
	at org.openqa.selenium.remote.ErrorHandler.throwIfResponseFailed(ErrorHandler.java:145)
	at org.openqa.selenium.remote.RemoteWebDriver.execute(RemoteWebDriver.java:554)
	at org.openqa.selenium.remote.RemoteWebDriver.findElement(RemoteWebDriver.java:307)
	at org.openqa.selenium.remote.RemoteWebDriver.findElementById(RemoteWebDriver.java:348)
	at org.openqa.selenium.By$ById.findElement(By.java:220)
	at org.openqa.selenium.remote.RemoteWebDriver.findElement(RemoteWebDriver.java:299)
	at Actions.Login_logout.wrong_login(Login_logout.java:21)
	at runThrghTestNG.FunctionalTests.Loginfail(FunctionalTests.java:30)
	at sun.reflect.NativeMethodAccessorImpl.invoke0(Native Method)
	at sun.reflect.NativeMethodAccessorImpl.invoke(NativeMethodAccessorImpl.java:62)
	at sun.reflect.DelegatingMethodAccessorImpl.invoke(DelegatingMethodAccessorImpl.java:43)
	at java.lang.reflect.Method.invoke(Method.java:497)
	at org.testng.internal.MethodInvocationHelper.invokeMethod(MethodInvocationHelper.java:84)
	at org.testng.internal.Invoker.invokeMethod(Invoker.java:714)
	at org.testng.internal.Invoker.retryFailed(Invoker.java:1049)
	at org.testng.internal.Invoker.invokeTestMethods(Invoker.java:1254)
	at org.testng.internal.TestMethodWorker.invokeTestMethods(TestMethodWorker.java:127)
	at org.testng.internal.TestMethodWorker.run(TestMethodWorker.java:111)
	at org.testng.TestRunner.privateRun(TestRunner.java:767)
	at org.testng.TestRunner.run(TestRunner.java:617)
	at org.testng.SuiteRunner.runTest(SuiteRunner.java:334)
	at org.testng.SuiteRunner.runSequentially(SuiteRunner.java:329)
	at org.testng.SuiteRunner.privateRun(SuiteRunner.java:291)
	at org.testng.SuiteRunner.run(SuiteRunner.java:240)
	at org.testng.SuiteRunnerWorker.runSuite(SuiteRunnerWorker.java:52)
	at org.testng.SuiteRunnerWorker.run(SuiteRunnerWorker.java:86)
	at org.testng.TestNG.runSuitesSequentially(TestNG.java:1224)
	at org.testng.TestNG.runSuitesLocally(TestNG.java:1149)
	at org.testng.TestNG.run(TestNG.java:1057)
	at org.testng.TestNG.privateMain(TestNG.java:1364)
	at org.testng.TestNG.main(TestNG.java:1333)
]]>
            </full-stacktrace>
          </exception> <!-- org.openqa.selenium.NoSuchElementException -->
          <reporter-output>
            <line>
              <![CDATA[Loginfail failed; Click on image to enlarge<br/><a target="_blank" href="C:\Users\gahlaut\Desktop\Work\VikasTestproject\reports\screenshots\Loginfail_14Sep16__0451PM.png"><img src="file:///C:\Users\gahlaut\Desktop\Work\VikasTestproject\reports\screenshots\Loginfail_14Sep16__0451PM.png" alt=""height='100' width='100'/></a><br />]]>
            </line>
          </reporter-output>
        </test-method> <!-- Loginfail -->
        <test-method status="PASS" signature="tearDown()[pri:0, instance:runThrghTestNG.FunctionalTests@3cda1055]" name="tearDown" is-config="true" duration-ms="1610" started-at="2016-09-14T16:51:09Z" finished-at="2016-09-14T16:51:10Z">
          <reporter-output>
          </reporter-output>
        </test-method> <!-- tearDown -->
      </class> <!-- runThrghTestNG.FunctionalTests -->
    </test> <!-- Functional Tests -->
  </suite> <!-- Smoke Suite -->
</testng-results>
